<?xml version="1.0" encoding="UTF-8"?>
<coverage generated="1774554239905" clover="3.2.0">
  <project timestamp="1774554239905" name="All files">
    <metrics statements="66" coveredstatements="59" conditionals="5" coveredconditionals="3" methods="16" coveredmethods="13" elements="87" coveredelements="75" complexity="0" loc="66" ncloc="66" packages="1" files="2" classes="2"/>
    <file name="setup-repo.ts" path="/Users/tomsej/Workspace/pi-ext/aine/tests/fixtures/setup-repo.ts">
      <metrics statements="34" coveredstatements="31" conditionals="0" coveredconditionals="0" methods="6" coveredmethods="5"/>
      <line num="25" count="27" type="stmt"/>
      <line num="33" count="4" type="stmt"/>
      <line num="36" count="4" type="stmt"/>
      <line num="37" count="4" type="stmt"/>
      <line num="38" count="4" type="stmt"/>
      <line num="41" count="4" type="stmt"/>
      <line num="42" count="4" type="stmt"/>
      <line num="43" count="4" type="stmt"/>
      <line num="47" count="4" type="stmt"/>
      <line num="48" count="4" type="stmt"/>
      <line num="51" count="4" type="stmt"/>
      <line num="52" count="4" type="stmt"/>
      <line num="53" count="4" type="stmt"/>
      <line num="55" count="4" type="stmt"/>
      <line num="58" count="1" type="stmt"/>
      <line num="59" count="1" type="stmt"/>
      <line num="69" count="0" type="stmt"/>
      <line num="71" count="0" type="stmt"/>
      <line num="72" count="0" type="stmt"/>
      <line num="79" count="1" type="stmt"/>
      <line num="81" count="1" type="stmt"/>
      <line num="82" count="1" type="stmt"/>
      <line num="83" count="1" type="stmt"/>
      <line num="86" count="1" type="stmt"/>
      <line num="87" count="1" type="stmt"/>
      <line num="88" count="1" type="stmt"/>
      <line num="89" count="1" type="stmt"/>
      <line num="92" count="1" type="stmt"/>
      <line num="93" count="1" type="stmt"/>
      <line num="94" count="1" type="stmt"/>
      <line num="95" count="1" type="stmt"/>
      <line num="97" count="1" type="stmt"/>
      <line num="100" count="1" type="stmt"/>
      <line num="101" count="1" type="stmt"/>
    </file>
    <file name="test-server.ts" path="/Users/tomsej/Workspace/pi-ext/aine/tests/fixtures/test-server.ts">
      <metrics statements="32" coveredstatements="28" conditionals="5" coveredconditionals="3" methods="10" coveredmethods="8"/>
      <line num="11" count="3" type="stmt"/>
      <line num="22" count="3" type="stmt"/>
      <line num="32" count="3" type="stmt"/>
      <line num="33" count="3" type="stmt"/>
      <line num="34" count="3" type="stmt"/>
      <line num="36" count="3" type="stmt"/>
      <line num="43" count="3" type="stmt"/>
      <line num="44" count="3" type="stmt"/>
      <line num="45" count="0" type="stmt"/>
      <line num="49" count="3" type="stmt"/>
      <line num="50" count="3" type="stmt"/>
      <line num="51" count="3" type="stmt"/>
      <line num="52" count="9" type="stmt"/>
      <line num="53" count="9" type="stmt"/>
      <line num="54" count="3" type="cond" truecount="1" falsecount="1"/>
      <line num="58" count="6" type="stmt"/>
      <line num="62" count="3" type="stmt"/>
      <line num="63" count="3" type="stmt"/>
      <line num="64" count="3" type="cond" truecount="1" falsecount="1"/>
      <line num="66" count="0" type="stmt"/>
      <line num="67" count="0" type="stmt"/>
      <line num="68" count="0" type="stmt"/>
      <line num="71" count="3" type="stmt"/>
      <line num="72" count="3" type="stmt"/>
      <line num="74" count="3" type="stmt"/>
      <line num="77" count="3" type="stmt"/>
      <line num="82" count="40" type="stmt"/>
      <line num="83" count="40" type="stmt"/>
      <line num="84" count="40" type="stmt"/>
      <line num="89" count="9" type="stmt"/>
      <line num="98" count="3" type="stmt"/>
      <line num="107" count="2" type="stmt"/>
    </file>
  </project>
</coverage>
