{"/Users/tomsej/Workspace/pi-ext/aine/tests/fixtures/setup-repo.ts": {"path":"/Users/tomsej/Workspace/pi-ext/aine/tests/fixtures/setup-repo.ts","statementMap":{"0":{"start":{"line":25,"column":2},"end":{"line":25,"column":null}},"1":{"start":{"line":33,"column":8},"end":{"line":33,"column":55}},"2":{"start":{"line":36,"column":2},"end":{"line":36,"column":null}},"3":{"start":{"line":37,"column":2},"end":{"line":37,"column":null}},"4":{"start":{"line":38,"column":2},"end":{"line":38,"column":null}},"5":{"start":{"line":41,"column":2},"end":{"line":41,"column":null}},"6":{"start":{"line":42,"column":2},"end":{"line":42,"column":null}},"7":{"start":{"line":43,"column":2},"end":{"line":46,"column":null}},"8":{"start":{"line":47,"column":2},"end":{"line":47,"column":null}},"9":{"start":{"line":48,"column":2},"end":{"line":48,"column":null}},"10":{"start":{"line":51,"column":2},"end":{"line":51,"column":null}},"11":{"start":{"line":52,"column":2},"end":{"line":52,"column":null}},"12":{"start":{"line":53,"column":2},"end":{"line":53,"column":null}},"13":{"start":{"line":55,"column":2},"end":{"line":62,"column":null}},"14":{"start":{"line":58,"column":6},"end":{"line":60,"column":null}},"15":{"start":{"line":59,"column":8},"end":{"line":59,"column":null}},"16":{"start":{"line":69,"column":15},"end":{"line":69,"column":34}},"17":{"start":{"line":71,"column":2},"end":{"line":71,"column":null}},"18":{"start":{"line":72,"column":2},"end":{"line":72,"column":null}},"19":{"start":{"line":79,"column":8},"end":{"line":79,"column":55}},"20":{"start":{"line":81,"column":2},"end":{"line":81,"column":null}},"21":{"start":{"line":82,"column":2},"end":{"line":82,"column":null}},"22":{"start":{"line":83,"column":2},"end":{"line":83,"column":null}},"23":{"start":{"line":86,"column":2},"end":{"line":86,"column":null}},"24":{"start":{"line":87,"column":2},"end":{"line":87,"column":null}},"25":{"start":{"line":88,"column":2},"end":{"line":88,"column":null}},"26":{"start":{"line":89,"column":2},"end":{"line":89,"column":null}},"27":{"start":{"line":92,"column":2},"end":{"line":92,"column":null}},"28":{"start":{"line":93,"column":2},"end":{"line":93,"column":null}},"29":{"start":{"line":94,"column":2},"end":{"line":94,"column":null}},"30":{"start":{"line":95,"column":2},"end":{"line":95,"column":null}},"31":{"start":{"line":97,"column":2},"end":{"line":104,"column":null}},"32":{"start":{"line":100,"column":6},"end":{"line":102,"column":null}},"33":{"start":{"line":101,"column":8},"end":{"line":101,"column":null}}},"fnMap":{"0":{"name":"git","decl":{"start":{"line":24,"column":9},"end":{"line":24,"column":13}},"loc":{"start":{"line":24,"column":42},"end":{"line":25,"column":null}},"line":24},"1":{"name":"createFixtureRepo","decl":{"start":{"line":32,"column":16},"end":{"line":32,"column":49}},"loc":{"start":{"line":32,"column":49},"end":{"line":62,"column":null}},"line":32},"2":{"name":"(anonymous_2)","decl":{"start":{"line":57,"column":4},"end":{"line":57,"column":19}},"loc":{"start":{"line":57,"column":19},"end":{"line":60,"column":null}},"line":57},"3":{"name":"createStagedFixtureRepo","decl":{"start":{"line":68,"column":16},"end":{"line":68,"column":55}},"loc":{"start":{"line":68,"column":55},"end":{"line":72,"column":null}},"line":68},"4":{"name":"createTwoCommitRepo","decl":{"start":{"line":78,"column":16},"end":{"line":78,"column":51}},"loc":{"start":{"line":78,"column":51},"end":{"line":104,"column":null}},"line":78},"5":{"name":"(anonymous_5)","decl":{"start":{"line":99,"column":4},"end":{"line":99,"column":19}},"loc":{"start":{"line":99,"column":19},"end":{"line":102,"column":null}},"line":99}},"branchMap":{},"s":{"0":27,"1":4,"2":4,"3":4,"4":4,"5":4,"6":4,"7":4,"8":4,"9":4,"10":4,"11":4,"12":4,"13":4,"14":1,"15":1,"16":0,"17":0,"18":0,"19":1,"20":1,"21":1,"22":1,"23":1,"24":1,"25":1,"26":1,"27":1,"28":1,"29":1,"30":1,"31":1,"32":1,"33":1},"f":{"0":27,"1":4,"2":1,"3":0,"4":1,"5":1},"b":{},"meta":{"lastBranch":0,"lastFunction":6,"lastStatement":34,"seen":{"f:24:9:24:13":0,"s:25:2:25:Infinity":0,"f:32:16:32:49":1,"s:33:8:33:55":1,"s:36:2:36:Infinity":2,"s:37:2:37:Infinity":3,"s:38:2:38:Infinity":4,"s:41:2:41:Infinity":5,"s:42:2:42:Infinity":6,"s:43:2:46:Infinity":7,"s:47:2:47:Infinity":8,"s:48:2:48:Infinity":9,"s:51:2:51:Infinity":10,"s:52:2:52:Infinity":11,"s:53:2:53:Infinity":12,"s:55:2:62:Infinity":13,"f:57:4:57:19":2,"s:58:6:60:Infinity":14,"s:59:8:59:Infinity":15,"f:68:16:68:55":3,"s:69:15:69:34":16,"s:71:2:71:Infinity":17,"s:72:2:72:Infinity":18,"f:78:16:78:51":4,"s:79:8:79:55":19,"s:81:2:81:Infinity":20,"s:82:2:82:Infinity":21,"s:83:2:83:Infinity":22,"s:86:2:86:Infinity":23,"s:87:2:87:Infinity":24,"s:88:2:88:Infinity":25,"s:89:2:89:Infinity":26,"s:92:2:92:Infinity":27,"s:93:2:93:Infinity":28,"s:94:2:94:Infinity":29,"s:95:2:95:Infinity":30,"s:97:2:104:Infinity":31,"f:99:4:99:19":5,"s:100:6:102:Infinity":32,"s:101:8:101:Infinity":33}}}
,"/Users/tomsej/Workspace/pi-ext/aine/tests/fixtures/test-server.ts": {"path":"/Users/tomsej/Workspace/pi-ext/aine/tests/fixtures/test-server.ts","statementMap":{"0":{"start":{"line":11,"column":6},"end":{"line":11,"column":56}},"1":{"start":{"line":22,"column":2},"end":{"line":22,"column":null}},"2":{"start":{"line":32,"column":15},"end":{"line":32,"column":28}},"3":{"start":{"line":33,"column":15},"end":{"line":33,"column":27}},"4":{"start":{"line":34,"column":15},"end":{"line":34,"column":null}},"5":{"start":{"line":36,"column":8},"end":{"line":40,"column":4}},"6":{"start":{"line":43,"column":15},"end":{"line":43,"column":null}},"7":{"start":{"line":44,"column":2},"end":{"line":46,"column":null}},"8":{"start":{"line":45,"column":4},"end":{"line":45,"column":null}},"9":{"start":{"line":49,"column":18},"end":{"line":49,"column":null}},"10":{"start":{"line":50,"column":16},"end":{"line":50,"column":26}},"11":{"start":{"line":51,"column":2},"end":{"line":58,"column":null}},"12":{"start":{"line":52,"column":4},"end":{"line":55,"column":null}},"13":{"start":{"line":53,"column":16},"end":{"line":53,"column":47}},"14":{"start":{"line":54,"column":6},"end":{"line":54,"column":null}},"15":{"start":{"line":54,"column":16},"end":{"line":54,"column":null}},"16":{"start":{"line":58,"column":4},"end":{"line":58,"column":null}},"17":{"start":{"line":58,"column":29},"end":{"line":58,"column":47}},"18":{"start":{"line":62,"column":2},"end":{"line":68,"column":null}},"19":{"start":{"line":63,"column":14},"end":{"line":63,"column":45}},"20":{"start":{"line":64,"column":4},"end":{"line":64,"column":null}},"21":{"start":{"line":64,"column":15},"end":{"line":64,"column":null}},"22":{"start":{"line":66,"column":4},"end":{"line":66,"column":null}},"23":{"start":{"line":67,"column":4},"end":{"line":67,"column":null}},"24":{"start":{"line":68,"column":4},"end":{"line":68,"column":null}},"25":{"start":{"line":71,"column":8},"end":{"line":74,"column":null}},"26":{"start":{"line":72,"column":4},"end":{"line":72,"column":null}},"27":{"start":{"line":72,"column":10},"end":{"line":72,"column":31}},"28":{"start":{"line":74,"column":4},"end":{"line":74,"column":null}},"29":{"start":{"line":74,"column":21},"end":{"line":74,"column":35}},"30":{"start":{"line":77,"column":2},"end":{"line":77,"column":null}},"31":{"start":{"line":82,"column":12},"end":{"line":82,"column":47}},"32":{"start":{"line":83,"column":15},"end":{"line":83,"column":29}},"33":{"start":{"line":84,"column":2},"end":{"line":84,"column":null}},"34":{"start":{"line":89,"column":2},"end":{"line":93,"column":null}},"35":{"start":{"line":98,"column":2},"end":{"line":102,"column":null}},"36":{"start":{"line":107,"column":2},"end":{"line":107,"column":null}}},"fnMap":{"0":{"name":"randomPort","decl":{"start":{"line":21,"column":9},"end":{"line":21,"column":30}},"loc":{"start":{"line":21,"column":30},"end":{"line":22,"column":null}},"line":21},"1":{"name":"startTestServer","decl":{"start":{"line":29,"column":22},"end":{"line":29,"column":null}},"loc":{"start":{"line":31,"column":23},"end":{"line":77,"column":null}},"line":31},"2":{"name":"(anonymous_2)","decl":{"start":{"line":44,"column":18},"end":{"line":44,"column":27}},"loc":{"start":{"line":44,"column":45},"end":{"line":46,"column":null}},"line":44},"3":{"name":"(anonymous_3)","decl":{"start":{"line":58,"column":14},"end":{"line":58,"column":23}},"loc":{"start":{"line":58,"column":29},"end":{"line":58,"column":47}},"line":58},"4":{"name":"(anonymous_4)","decl":{"start":{"line":71,"column":8},"end":{"line":71,"column":24}},"loc":{"start":{"line":71,"column":24},"end":{"line":74,"column":null}},"line":71},"5":{"name":"(anonymous_5)","decl":{"start":{"line":74,"column":4},"end":{"line":74,"column":21}},"loc":{"start":{"line":74,"column":21},"end":{"line":74,"column":35}},"line":74},"6":{"name":"api","decl":{"start":{"line":81,"column":22},"end":{"line":81,"column":35}},"loc":{"start":{"line":81,"column":121},"end":{"line":84,"column":null}},"line":81},"7":{"name":"apiPost","decl":{"start":{"line":88,"column":22},"end":{"line":88,"column":39}},"loc":{"start":{"line":88,"column":120},"end":{"line":93,"column":null}},"line":88},"8":{"name":"apiPatch","decl":{"start":{"line":97,"column":22},"end":{"line":97,"column":40}},"loc":{"start":{"line":97,"column":121},"end":{"line":102,"column":null}},"line":97},"9":{"name":"apiDelete","decl":{"start":{"line":106,"column":22},"end":{"line":106,"column":41}},"loc":{"start":{"line":106,"column":107},"end":{"line":107,"column":null}},"line":106}},"branchMap":{"0":{"loc":{"start":{"line":30,"column":2},"end":{"line":30,"column":null}},"type":"default-arg","locations":[{"start":{"line":30,"column":35},"end":{"line":30,"column":null}}],"line":30},"1":{"loc":{"start":{"line":54,"column":6},"end":{"line":54,"column":null}},"type":"if","locations":[{"start":{"line":54,"column":6},"end":{"line":54,"column":null}},{"start":{},"end":{}}],"line":54},"2":{"loc":{"start":{"line":64,"column":4},"end":{"line":64,"column":null}},"type":"if","locations":[{"start":{"line":64,"column":4},"end":{"line":64,"column":null}},{"start":{},"end":{}}],"line":64}},"s":{"0":3,"1":3,"2":3,"3":3,"4":3,"5":3,"6":3,"7":3,"8":0,"9":3,"10":3,"11":3,"12":9,"13":9,"14":3,"15":3,"16":6,"17":6,"18":3,"19":3,"20":3,"21":0,"22":0,"23":0,"24":0,"25":3,"26":3,"27":3,"28":3,"29":0,"30":3,"31":40,"32":40,"33":40,"34":9,"35":3,"36":2},"f":{"0":3,"1":3,"2":0,"3":6,"4":3,"5":0,"6":40,"7":9,"8":3,"9":2},"b":{"0":[3],"1":[3,0],"2":[0,3]},"meta":{"lastBranch":3,"lastFunction":10,"lastStatement":37,"seen":{"s:11:6:11:56":0,"f:21:9:21:30":0,"s:22:2:22:Infinity":1,"f:29:22:29:Infinity":1,"b:30:35:30:Infinity":0,"s:32:15:32:28":2,"s:33:15:33:27":3,"s:34:15:34:Infinity":4,"s:36:8:40:4":5,"s:43:15:43:Infinity":6,"s:44:2:46:Infinity":7,"f:44:18:44:27":2,"s:45:4:45:Infinity":8,"s:49:18:49:Infinity":9,"s:50:16:50:26":10,"s:51:2:58:Infinity":11,"s:52:4:55:Infinity":12,"s:53:16:53:47":13,"b:54:6:54:Infinity:undefined:undefined:undefined:undefined":1,"s:54:6:54:Infinity":14,"s:54:16:54:Infinity":15,"s:58:4:58:Infinity":16,"f:58:14:58:23":3,"s:58:29:58:47":17,"s:62:2:68:Infinity":18,"s:63:14:63:45":19,"b:64:4:64:Infinity:undefined:undefined:undefined:undefined":2,"s:64:4:64:Infinity":20,"s:64:15:64:Infinity":21,"s:66:4:66:Infinity":22,"s:67:4:67:Infinity":23,"s:68:4:68:Infinity":24,"s:71:8:74:Infinity":25,"f:71:8:71:24":4,"s:72:4:72:Infinity":26,"s:72:10:72:31":27,"s:74:4:74:Infinity":28,"f:74:4:74:21":5,"s:74:21:74:35":29,"s:77:2:77:Infinity":30,"f:81:22:81:35":6,"s:82:12:82:47":31,"s:83:15:83:29":32,"s:84:2:84:Infinity":33,"f:88:22:88:39":7,"s:89:2:93:Infinity":34,"f:97:22:97:40":8,"s:98:2:102:Infinity":35,"f:106:22:106:41":9,"s:107:2:107:Infinity":36}}}
}
